#! /c/Source/iverilog-install/bin/vvp
:ivl_version "12.0 (devel)" "(s20150603-1539-g2693dd32b)";
:ivl_delay_selection "TYPICAL";
:vpi_time_precision + 0;
:vpi_module "C:\iverilog\lib\ivl\system.vpi";
:vpi_module "C:\iverilog\lib\ivl\vhdl_sys.vpi";
:vpi_module "C:\iverilog\lib\ivl\vhdl_textio.vpi";
:vpi_module "C:\iverilog\lib\ivl\v2005_math.vpi";
:vpi_module "C:\iverilog\lib\ivl\va_math.vpi";
S_00000203c3ab6c30 .scope module, "top_module" "top_module" 2 1;
 .timescale 0 0;
    .port_info 0 /INPUT 1 "a";
    .port_info 1 /INPUT 1 "b";
    .port_info 2 /OUTPUT 1 "out";
o00000203c3ab6dc8 .functor BUFZ 1, C4<z>; HiZ drive
o00000203c3ab6df8 .functor BUFZ 1, C4<z>; HiZ drive
L_00000203c3a830a0 .functor AND 1, o00000203c3ab6dc8, o00000203c3ab6df8, C4<1>, C4<1>;
v00000203c3a83400_0 .net "a", 0 0, o00000203c3ab6dc8;  0 drivers
v00000203c3a83620_0 .net "b", 0 0, o00000203c3ab6df8;  0 drivers
v00000203c3a6ed90_0 .net "out", 0 0, L_00000203c3a830a0;  1 drivers
# The file index is used to find the file name in the following table.
:file_names 3;
    "N/A";
    "<interactive>";
    "andgate.v";
