#! /c/Source/iverilog-install/bin/vvp
:ivl_version "12.0 (devel)" "(s20150603-1539-g2693dd32b)";
:ivl_delay_selection "TYPICAL";
:vpi_time_precision + 0;
:vpi_module "C:\iverilog\lib\ivl\system.vpi";
:vpi_module "C:\iverilog\lib\ivl\vhdl_sys.vpi";
:vpi_module "C:\iverilog\lib\ivl\vhdl_textio.vpi";
:vpi_module "C:\iverilog\lib\ivl\v2005_math.vpi";
:vpi_module "C:\iverilog\lib\ivl\va_math.vpi";
S_00000237f40a6df0 .scope module, "top_module" "top_module" 2 1;
 .timescale 0 0;
    .port_info 0 /INPUT 1 "a";
    .port_info 1 /INPUT 1 "b";
    .port_info 2 /OUTPUT 1 "out";
o00000237f40a6fb8 .functor BUFZ 1, C4<z>; HiZ drive
o00000237f40a6fe8 .functor BUFZ 1, C4<z>; HiZ drive
L_00000237f40730a0 .functor OR 1, o00000237f40a6fb8, o00000237f40a6fe8, C4<0>, C4<0>;
L_00000237f4073200 .functor NOT 1, L_00000237f40730a0, C4<0>, C4<0>, C4<0>;
v00000237f4073400_0 .net *"_ivl_0", 0 0, L_00000237f40730a0;  1 drivers
v00000237f4073620_0 .net "a", 0 0, o00000237f40a6fb8;  0 drivers
v00000237f405ed90_0 .net "b", 0 0, o00000237f40a6fe8;  0 drivers
v00000237f405ee30_0 .net "out", 0 0, L_00000237f4073200;  1 drivers
# The file index is used to find the file name in the following table.
:file_names 3;
    "N/A";
    "<interactive>";
    "05_NORgate.v";
